
> web@0.1.1 dev
> next dev

▲ Next.js 16.1.6 (Turbopack)
- Local:         http://localhost:3000
- Network:       http://192.168.0.2:3000
- Experiments (use with caution):
  · allowedRevalidateHeaderKeys

✓ Starting...
Attention: Next.js now collects completely anonymous telemetry regarding usage.
This information is used to shape Next.js' roadmap and prioritize features.
You can learn more, including how to opt-out if you'd not like to participate in this anonymous program, by visiting the following URL:
https://nextjs.org/telemetry

✓ Ready in 2.1s
⨯ You are using configuration and/or tools that are not yet
supported by Next.js with Turbopack:


- Unsupported Next.js configuration option(s) (next.config.js)
  Turbopack will ignore the following configuration options:
    - experimental.allowedRevalidateHeaderKeys


⚠ Learn more about how to configure Turbopack with Next.js:
https://nextjs.org/docs/app/api-reference/config/next-config-js/turbopack
○ Compiling / ...
 GET / 200 in 6.2s (compile: 5.8s, render: 393ms)
